<?xml version="1.0" encoding="UTF-8"?>
<testsuite xmlns:xsi="http://www.w3.org/2001/XMLSchema-instance" xsi:noNamespaceSchemaLocation="https://maven.apache.org/surefire/maven-surefire-plugin/xsd/surefire-test-report-3.0.xsd" version="3.0" name="CurrencyConverterTest" time="0.115" tests="13" errors="0" skipped="0" failures="0">
  <properties>
    <property name="java.specification.version" value="21"/>
    <property name="sun.cpu.isalist" value="amd64"/>
    <property name="sun.jnu.encoding" value="Cp1252"/>
    <property name="java.class.path" value="C:\Users\mahmo\Downloads\currency-converter-in-java-maste\currency-converter-in-java-master\target\test-classes;C:\Users\mahmo\Downloads\currency-converter-in-java-maste\currency-converter-in-java-master\target\classes;C:\Users\mahmo\.m2\repository\org\junit\jupiter\junit-jupiter-api\5.7.0\junit-jupiter-api-5.7.0.jar;C:\Users\mahmo\.m2\repository\org\apiguardian\apiguardian-api\1.1.0\apiguardian-api-1.1.0.jar;C:\Users\mahmo\.m2\repository\org\opentest4j\opentest4j\1.2.0\opentest4j-1.2.0.jar;C:\Users\mahmo\.m2\repository\org\junit\platform\junit-platform-commons\1.7.0\junit-platform-commons-1.7.0.jar;"/>
    <property name="java.vm.vendor" value="Oracle Corporation"/>
    <property name="sun.arch.data.model" value="64"/>
    <property name="user.variant" value=""/>
    <property name="java.vendor.url" value="https://java.oracle.com/"/>
    <property name="user.timezone" value="America/Toronto"/>
    <property name="os.name" value="Windows 10"/>
    <property name="java.vm.specification.version" value="21"/>
    <property name="sun.java.launcher" value="SUN_STANDARD"/>
    <property name="user.country" value="FR"/>
    <property name="sun.boot.library.path" value="C:\Program Files\Java\jdk-21\bin"/>
    <property name="sun.java.command" value="C:\Users\mahmo\AppData\Local\Temp\surefire9639552696994347802\surefirebooter-20231206211051914_3.jar C:\Users\mahmo\AppData\Local\Temp\surefire9639552696994347802 2023-12-06T21-10-51_718-jvmRun1 surefire-20231206211051914_1tmp surefire_0-20231206211051914_2tmp"/>
    <property name="jdk.debug" value="release"/>
    <property name="surefire.test.class.path" value="C:\Users\mahmo\Downloads\currency-converter-in-java-maste\currency-converter-in-java-master\target\test-classes;C:\Users\mahmo\Downloads\currency-converter-in-java-maste\currency-converter-in-java-master\target\classes;C:\Users\mahmo\.m2\repository\org\junit\jupiter\junit-jupiter-api\5.7.0\junit-jupiter-api-5.7.0.jar;C:\Users\mahmo\.m2\repository\org\apiguardian\apiguardian-api\1.1.0\apiguardian-api-1.1.0.jar;C:\Users\mahmo\.m2\repository\org\opentest4j\opentest4j\1.2.0\opentest4j-1.2.0.jar;C:\Users\mahmo\.m2\repository\org\junit\platform\junit-platform-commons\1.7.0\junit-platform-commons-1.7.0.jar;"/>
    <property name="sun.cpu.endian" value="little"/>
    <property name="user.home" value="C:\Users\mahmo"/>
    <property name="user.language" value="fr"/>
    <property name="java.specification.vendor" value="Oracle Corporation"/>
    <property name="java.version.date" value="2023-09-19"/>
    <property name="java.home" value="C:\Program Files\Java\jdk-21"/>
    <property name="file.separator" value="\"/>
    <property name="basedir" value="C:\Users\mahmo\Downloads\currency-converter-in-java-maste\currency-converter-in-java-master"/>
    <property name="java.vm.compressedOopsMode" value="Zero based"/>
    <property name="line.separator" value="&#10;"/>
    <property name="java.vm.specification.vendor" value="Oracle Corporation"/>
    <property name="java.specification.name" value="Java Platform API Specification"/>
    <property name="surefire.real.class.path" value="C:\Users\mahmo\AppData\Local\Temp\surefire9639552696994347802\surefirebooter-20231206211051914_3.jar"/>
    <property name="user.script" value=""/>
    <property name="sun.management.compiler" value="HotSpot 64-Bit Tiered Compilers"/>
    <property name="java.runtime.version" value="21+35-LTS-2513"/>
    <property name="user.name" value="mahmo"/>
    <property name="stdout.encoding" value="Cp1252"/>
    <property name="path.separator" value=";"/>
    <property name="os.version" value="10.0"/>
    <property name="java.runtime.name" value="Java(TM) SE Runtime Environment"/>
    <property name="file.encoding" value="UTF-8"/>
    <property name="java.vm.name" value="Java HotSpot(TM) 64-Bit Server VM"/>
    <property name="localRepository" value="C:\Users\mahmo\.m2\repository"/>
    <property name="java.vendor.url.bug" value="https://bugreport.java.com/bugreport/"/>
    <property name="java.io.tmpdir" value="C:\Users\mahmo\AppData\Local\Temp\"/>
    <property name="java.version" value="21"/>
    <property name="user.dir" value="C:\Users\mahmo\Downloads\currency-converter-in-java-maste\currency-converter-in-java-master"/>
    <property name="os.arch" value="amd64"/>
    <property name="java.vm.specification.name" value="Java Virtual Machine Specification"/>
    <property name="sun.os.patch.level" value=""/>
    <property name="native.encoding" value="Cp1252"/>
    <property name="java.library.path" value="C:\Program Files\Java\jdk-21\bin;C:\Windows\Sun\Java\bin;C:\Windows\system32;C:\Windows;C:\Program Files\Common Files\Oracle\Java\javapath;C:\Program Files (x86)\Common Files\Oracle\Java\javapath;C:\Windows\system32;C:\Windows;C:\Windows\System32\Wbem;C:\Windows\System32\WindowsPowerShell\v1.0\;C:\Windows\System32\OpenSSH\;C:\Program Files (x86)\NVIDIA Corporation\PhysX\Common;C:\Program Files\NVIDIA Corporation\NVIDIA NvDLISR;C:\Program Files (x86)\Pulse Secure\VC142.CRT\X64\;C:\Program Files (x86)\Pulse Secure\VC142.CRT\X86\;C:\Program Files\Wolfram Research\WolframScript\;C:\Program Files\Git\cmd;C:\Program Files (x86)\Brackets\command;C:\Program Files (x86)\Microsoft SQL Server\160\DTS\Binn\;C:\Program Files\Azure Data Studio\bin;C:\Program Files (x86)\Microsoft SQL Server\160\Tools\Binn\;C:\Program Files\Microsoft SQL Server\160\Tools\Binn\;C:\Program Files\Microsoft SQL Server\Client SDK\ODBC\170\Tools\Binn\;C:\Program Files\Microsoft SQL Server\160\DTS\Binn\;C:\Program Files (x86)\dotnet\;C:\php-8.2.8;C:\Program Files\Java\jdk-21\bin;C:\ProgramData\chocolatey\bin;C:\Program Files\MySQL\MySQL Shell 8.0\bin\;C:\Users\mahmo\AppData\Roaming\local\bin;C:\Users\mahmo\AppData\Local\Microsoft\WindowsApps;C:\Users\mahmo\AppData\Local\Programs\Microsoft VS Code\bin;C:\altera\13.0sp1\modelsim_ase\win32aloem;C:\Program Files\JetBrains\PyCharm Community Edition 2022.2.1\bin;;C:\ghcup\bin;C:\ProgramData\Microsoft\Windows\Start Menu\Programs\SWI-Prolog;C:\Program Files\swipl\bin;C:\Program Files\JetBrains\CLion 2022.3.1\bin;;C:\Program Files\Azure Data Studio\bin;c:\users\mahmo\appdata\local\packages\pythonsoftwarefoundation.python.3.9_qbz5n2kfra8p0\localcache\local-packages\python39\site-packages;C:\Users\mahmo\Downloads\apache-ant-1.9.16-bin\apache-ant-1.9.16\bin;C:\Users\mahmo\Downloads\apache-maven-3.9.6-bin\apache-maven-3.9.6\bin;C:\Program Files\Java\jdk-21\bin;;."/>
    <property name="java.vm.info" value="mixed mode, sharing"/>
    <property name="stderr.encoding" value="Cp1252"/>
    <property name="java.vendor" value="Oracle Corporation"/>
    <property name="java.vm.version" value="21+35-LTS-2513"/>
    <property name="sun.io.unicode.encoding" value="UnicodeLittle"/>
    <property name="java.class.version" value="65.0"/>
  </properties>
  <testcase name="testShortNameCurrency2NotFound" classname="CurrencyConverterTest" time="0.075"/>
  <testcase name="testValidAndInvalidAmounts" classname="CurrencyConverterTest" time="0.003"/>
  <testcase name="testInvalidCurrencyConversion" classname="CurrencyConverterTest" time="0.001"/>
  <testcase name="testCurrencyNameMatchCondition" classname="CurrencyConverterTest" time="0.001"/>
  <testcase name="testCurrencyConversionOutsideSpecifiedRange" classname="CurrencyConverterTest" time="0.001"/>
  <testcase name="testCurrencyConversionWithDifferentExchangeRates" classname="CurrencyConverterTest" time="0.001"/>
  <testcase name="testCurrencyConversionWithDifferentAmounts" classname="CurrencyConverterTest" time="0.0"/>
  <testcase name="testValidAndInvalidCurrencyCombination" classname="CurrencyConverterTest" time="0.001"/>
  <testcase name="testShortNameCurrency2Found" classname="CurrencyConverterTest" time="0.001"/>
  <testcase name="testCurrencyNotFoundInList" classname="CurrencyConverterTest" time="0.0"/>
  <testcase name="testCurrencyConversionWithinSpecifiedRange" classname="CurrencyConverterTest" time="0.001"/>
  <testcase name="testCurrencyConversionRounding" classname="CurrencyConverterTest" time="0.001"/>
  <testcase name="testValidCurrencyConversion" classname="CurrencyConverterTest" time="0.001"/>
</testsuite>